div, 20, 3 = 6.666666666666667
sum, 20, 3 = 23
sub, 10, 3 = 7
sub, 10, 30 = -20
2022-04-21T09:15:26.384008 - daniel.volponi - sub, 10, 30 = -20
2022-04-21T09:15:41.257487 - daniel.volponi - sum, 20, 4 = 24
2022-04-21T09:15:44.157874 - daniel.volponi - sum, 20, 4 = 24
2022-04-21T09:15:52.243030 - daniel.volponi - div, 20, 4 = 5.0
2022-04-21T16:10:31.802649 - daniel.volponi - div, 10, 2 = 5.0
2022-04-21T16:12:50.825368 - daniel.volponi - sub, 1, 1 = 0
2022-05-26T15:25:36.885842 - daniel.volponi - sum, 3, 5 = 8
2022-05-26T15:27:08.077054 - daniel.volponi - mul, 10, 9.9 = 99.0
2022-05-26T18:08:41.170873 - daniel.volponi - sum, 10, 2 = 12
2022-05-26T18:08:52.870150 - daniel.volponi - div, 10, 5 = 2.0
2022-05-26T18:19:53.856316 - daniel.volponi - sub, 5, 5.5 = -0.5
2022-06-05T17:32:24.669013 - danielvolponi - sub, 1, 1 = 0
2022-06-05T17:32:27.520893 - danielvolponi - sub, 1, 2 = -1
2022-06-05T17:42:47.107828 - danielvolponi - sub, 1, 1 = 0
2022-06-05T17:42:52.931413 - danielvolponi - sum, 1, 1 = 2
2022-06-06T14:57:12.926018 - daniel.volponi - sum, 3, 5 = 8
